<?xml version="1.0" encoding="UTF-8"?>
<testsuite xmlns:xsi="http://www.w3.org/2001/XMLSchema-instance" xsi:noNamespaceSchemaLocation="https://maven.apache.org/surefire/maven-surefire-plugin/xsd/surefire-test-report.xsd" name="se.kth.iv1350.amazingpos.model.CurrentSaleTest" time="0.062" tests="3" errors="0" skipped="0" failures="3">
  <properties>
[...]
</properties>
  <testcase name="testAddItemThrowsDatabaseFailureException" classname="se.kth.iv1350.amazingpos.model.CurrentSaleTest" time="0.036">
    <failure message="Unexpected exception type thrown ==&gt; expected: &lt;se.kth.iv1350.amazingpos.model.exception.DatabaseFailureException&gt; but was: &lt;java.lang.RuntimeException&gt;" type="org.opentest4j.AssertionFailedError"><![CDATA[org.opentest4j.AssertionFailedError: Unexpected exception type thrown ==> expected: <se.kth.iv1350.amazingpos.model.exception.DatabaseFailureException> but was: <java.lang.RuntimeException>
	at se.kth.iv1350.amazingpos.model.CurrentSaleTest.testAddItemThrowsDatabaseFailureException(CurrentSaleTest.java:59)
Caused by: java.lang.RuntimeException: 
Uncompilable code - cannot access se.kth.iv1350.amazingpos.util.CurrentSaleNotifier
  class file for se.kth.iv1350.amazingpos.util.CurrentSaleNotifier not found
	at se.kth.iv1350.amazingpos.model.CurrentSaleTest.lambda$testAddItemThrowsDatabaseFailureException$2(CurrentSaleTest.java:1)
	at se.kth.iv1350.amazingpos.model.CurrentSaleTest.testAddItemThrowsDatabaseFailureException(CurrentSaleTest.java:59)
]]></failure>
  </testcase>
  <testcase name="testAddItemThrowsProductNotFoundException" classname="se.kth.iv1350.amazingpos.model.CurrentSaleTest" time="0.002">
    <failure message="Unexpected exception type thrown ==&gt; expected: &lt;se.kth.iv1350.amazingpos.model.exception.ProductNotFoundException&gt; but was: &lt;java.lang.RuntimeException&gt;" type="org.opentest4j.AssertionFailedError"><![CDATA[org.opentest4j.AssertionFailedError: Unexpected exception type thrown ==> expected: <se.kth.iv1350.amazingpos.model.exception.ProductNotFoundException> but was: <java.lang.RuntimeException>
	at se.kth.iv1350.amazingpos.model.CurrentSaleTest.testAddItemThrowsProductNotFoundException(CurrentSaleTest.java:34)
Caused by: java.lang.RuntimeException: 
Uncompilable code - cannot access se.kth.iv1350.amazingpos.util.CurrentSaleNotifier
  class file for se.kth.iv1350.amazingpos.util.CurrentSaleNotifier not found
	at se.kth.iv1350.amazingpos.model.CurrentSaleTest.lambda$testAddItemThrowsProductNotFoundException$0(CurrentSaleTest.java:1)
	at se.kth.iv1350.amazingpos.model.CurrentSaleTest.testAddItemThrowsProductNotFoundException(CurrentSaleTest.java:34)
]]></failure>
  </testcase>
  <testcase name="testAddItemThrowsOutOfStockException" classname="se.kth.iv1350.amazingpos.model.CurrentSaleTest" time="0.002">
    <failure message="Unexpected exception type thrown ==&gt; expected: &lt;se.kth.iv1350.amazingpos.model.exception.OutOfStockException&gt; but was: &lt;java.lang.RuntimeException&gt;" type="org.opentest4j.AssertionFailedError"><![CDATA[org.opentest4j.AssertionFailedError: Unexpected exception type thrown ==> expected: <se.kth.iv1350.amazingpos.model.exception.OutOfStockException> but was: <java.lang.RuntimeException>
	at se.kth.iv1350.amazingpos.model.CurrentSaleTest.testAddItemThrowsOutOfStockException(CurrentSaleTest.java:47)
Caused by: java.lang.RuntimeException: 
Uncompilable code - cannot access se.kth.iv1350.amazingpos.util.CurrentSaleNotifier
  class file for se.kth.iv1350.amazingpos.util.CurrentSaleNotifier not found
	at se.kth.iv1350.amazingpos.model.CurrentSaleTest.lambda$testAddItemThrowsOutOfStockException$1(CurrentSaleTest.java:1)
	at se.kth.iv1350.amazingpos.model.CurrentSaleTest.testAddItemThrowsOutOfStockException(CurrentSaleTest.java:47)
]]></failure>
  </testcase>
</testsuite>