<?xml version="1.0" encoding="UTF-8"?>
<testsuite xmlns:xsi="http://www.w3.org/2001/XMLSchema-instance" xsi:noNamespaceSchemaLocation="https://maven.apache.org/surefire/maven-surefire-plugin/xsd/surefire-test-report.xsd" name="se.kth.iv1350.amazingpos.model.CurrentSaleTest" time="0.062" tests="3" errors="0" skipped="0" failures="3">
  <properties>
    <property name="java.specification.version" value="20"/>
    <property name="sun.cpu.isalist" value="amd64"/>
    <property name="sun.jnu.encoding" value="Cp1252"/>
    <property name="java.class.path" value="C:\akharin pos\amaz test\AmazingPOS\target\test-classes;C:\akharin pos\amaz test\AmazingPOS\target\classes;C:\Users\Mrtes\.m2\repository\org\junit\jupiter\junit-jupiter-api\5.6.0\junit-jupiter-api-5.6.0.jar;C:\Users\Mrtes\.m2\repository\org\apiguardian\apiguardian-api\1.1.0\apiguardian-api-1.1.0.jar;C:\Users\Mrtes\.m2\repository\org\opentest4j\opentest4j\1.2.0\opentest4j-1.2.0.jar;C:\Users\Mrtes\.m2\repository\org\junit\platform\junit-platform-commons\1.6.0\junit-platform-commons-1.6.0.jar;C:\Users\Mrtes\.m2\repository\org\junit\jupiter\junit-jupiter-params\5.6.0\junit-jupiter-params-5.6.0.jar;C:\Users\Mrtes\.m2\repository\org\junit\jupiter\junit-jupiter-engine\5.6.0\junit-jupiter-engine-5.6.0.jar;C:\Users\Mrtes\.m2\repository\org\junit\platform\junit-platform-engine\1.6.0\junit-platform-engine-1.6.0.jar;"/>
    <property name="java.vm.vendor" value="Oracle Corporation"/>
    <property name="sun.arch.data.model" value="64"/>
    <property name="user.variant" value=""/>
    <property name="java.vendor.url" value="https://java.oracle.com/"/>
    <property name="user.timezone" value="Europe/Stockholm"/>
    <property name="user.country.format" value="SE"/>
    <property name="os.name" value="Windows 11"/>
    <property name="java.vm.specification.version" value="20"/>
    <property name="user.country" value="GB"/>
    <property name="sun.java.launcher" value="SUN_STANDARD"/>
    <property name="sun.boot.library.path" value="C:\Program Files\Java\jdk-20\bin"/>
    <property name="sun.java.command" value="C:\Users\Mrtes\AppData\Local\Temp\surefire12334979456693183568\surefirebooter13929750282077456435.jar C:\Users\Mrtes\AppData\Local\Temp\surefire12334979456693183568 2024-05-26T14-37-13_388-jvmRun1 surefire15220459199824447718tmp surefire_014242207806956915112tmp"/>
    <property name="jdk.debug" value="release"/>
    <property name="test" value="se.kth.iv1350.amazingpos.model.CurrentSaleTest"/>
    <property name="surefire.test.class.path" value="C:\akharin pos\amaz test\AmazingPOS\target\test-classes;C:\akharin pos\amaz test\AmazingPOS\target\classes;C:\Users\Mrtes\.m2\repository\org\junit\jupiter\junit-jupiter-api\5.6.0\junit-jupiter-api-5.6.0.jar;C:\Users\Mrtes\.m2\repository\org\apiguardian\apiguardian-api\1.1.0\apiguardian-api-1.1.0.jar;C:\Users\Mrtes\.m2\repository\org\opentest4j\opentest4j\1.2.0\opentest4j-1.2.0.jar;C:\Users\Mrtes\.m2\repository\org\junit\platform\junit-platform-commons\1.6.0\junit-platform-commons-1.6.0.jar;C:\Users\Mrtes\.m2\repository\org\junit\jupiter\junit-jupiter-params\5.6.0\junit-jupiter-params-5.6.0.jar;C:\Users\Mrtes\.m2\repository\org\junit\jupiter\junit-jupiter-engine\5.6.0\junit-jupiter-engine-5.6.0.jar;C:\Users\Mrtes\.m2\repository\org\junit\platform\junit-platform-engine\1.6.0\junit-platform-engine-1.6.0.jar;"/>
    <property name="sun.cpu.endian" value="little"/>
    <property name="user.home" value="C:\Users\Mrtes"/>
    <property name="user.language" value="en"/>
    <property name="java.specification.vendor" value="Oracle Corporation"/>
    <property name="java.version.date" value="2023-04-18"/>
    <property name="java.home" value="C:\Program Files\Java\jdk-20"/>
    <property name="file.separator" value="\"/>
    <property name="basedir" value="C:\akharin pos\amaz test\AmazingPOS"/>
    <property name="java.vm.compressedOopsMode" value="Zero based"/>
    <property name="line.separator" value="&#10;"/>
    <property name="java.vm.specification.vendor" value="Oracle Corporation"/>
    <property name="java.specification.name" value="Java Platform API Specification"/>
    <property name="surefire.real.class.path" value="C:\Users\Mrtes\AppData\Local\Temp\surefire12334979456693183568\surefirebooter13929750282077456435.jar"/>
    <property name="user.script" value=""/>
    <property name="sun.management.compiler" value="HotSpot 64-Bit Tiered Compilers"/>
    <property name="java.runtime.version" value="20.0.1+9-29"/>
    <property name="user.name" value="Mrtes"/>
    <property name="stdout.encoding" value="Cp1252"/>
    <property name="path.separator" value=";"/>
    <property name="os.version" value="10.0"/>
    <property name="java.runtime.name" value="Java(TM) SE Runtime Environment"/>
    <property name="file.encoding" value="UTF-8"/>
    <property name="java.vm.name" value="Java HotSpot(TM) 64-Bit Server VM"/>
    <property name="maven.ext.class.path" value="C:\Program Files\NetBeans-16\netbeans\java\maven-nblib\netbeans-eventspy.jar"/>
    <property name="localRepository" value="C:\Users\Mrtes\.m2\repository"/>
    <property name="java.vendor.url.bug" value="https://bugreport.java.com/bugreport/"/>
    <property name="java.io.tmpdir" value="C:\Users\Mrtes\AppData\Local\Temp\"/>
    <property name="java.version" value="20.0.1"/>
    <property name="user.dir" value="C:\akharin pos\amaz test\AmazingPOS"/>
    <property name="os.arch" value="amd64"/>
    <property name="java.vm.specification.name" value="Java Virtual Machine Specification"/>
    <property name="sun.os.patch.level" value=""/>
    <property name="native.encoding" value="Cp1252"/>
    <property name="java.library.path" value="C:\Program Files\Java\jdk-20\bin;C:\WINDOWS\Sun\Java\bin;C:\WINDOWS\system32;C:\WINDOWS;C:\Users\Mrtes\AppData\Local\Programs\Python\Python311\Scripts\;C:\Users\Mrtes\AppData\Local\Programs\Python\Python311\;C:\Program Files\Common Files\Oracle\Java\javapath;C:\Program Files (x86)\Common Files\Oracle\Java\javapath;C:\WINDOWS\system32;C:\WINDOWS;C:\WINDOWS\System32\Wbem;C:\WINDOWS\System32\WindowsPowerShell\v1.0\;C:\WINDOWS\System32\OpenSSH\;C:\Program Files\dotnet\;C:\Program Files (x86)\Intel\Intel(R) Management Engine Components\DAL;C:\Program Files\Intel\Intel(R) Management Engine Components\DAL;C:\Program Files\Git\cmd;C:\Program Files\PuTTY\;C:\Program Files\apache-ant-1.9.16\bin;C:\Users\Mrtes\Downloads\Compressed\apache-river-3.0.0-src\apache-river-3.0.0\lib;C:\Program Files\Java\jdk-20\bin\rmiregistry.exe\bin\rmiregistry.ex;C:\Program Files\Java\jdk-19\bin;C:\Program Files\nodejs\;C:\ProgramData\chocolatey\bin;C:\apache-maven-3.9.1-bin\apache-maven-3.9.1\bin;C:\Program Files\Java\jdk-20\bin;C:\Program Files\MATLAB\R2023a\bin;C:\Users\Mrtes\AppData\Local\Microsoft\WindowsApps;C:\Users\Mrtes\AppData\Local\Programs\Microsoft VS Code\bin;C:\Users\Mrtes\Downloads\Programs\MinGW\bin;C:\Users\Mrtes\Downloads\Compressed\gcc-12.2.0-no-debug\bin;C:\Program Files\Java\jdk-20\bin;C:\Users\Mrtes\AppData\Roaming\npm;C:\Users\Mrtes\AppData\Local\atom\bin;C:\Users\Mrtes\AppData\Local\GitHubDesktop\bin;."/>
    <property name="java.vm.info" value="mixed mode, sharing"/>
    <property name="stderr.encoding" value="Cp1252"/>
    <property name="java.vendor" value="Oracle Corporation"/>
    <property name="java.vm.version" value="20.0.1+9-29"/>
    <property name="sun.io.unicode.encoding" value="UnicodeLittle"/>
    <property name="java.class.version" value="64.0"/>
  </properties>
  <testcase name="testAddItemThrowsDatabaseFailureException" classname="se.kth.iv1350.amazingpos.model.CurrentSaleTest" time="0.036">
    <failure message="Unexpected exception type thrown ==&gt; expected: &lt;se.kth.iv1350.amazingpos.model.exception.DatabaseFailureException&gt; but was: &lt;java.lang.RuntimeException&gt;" type="org.opentest4j.AssertionFailedError"><![CDATA[org.opentest4j.AssertionFailedError: Unexpected exception type thrown ==> expected: <se.kth.iv1350.amazingpos.model.exception.DatabaseFailureException> but was: <java.lang.RuntimeException>
	at se.kth.iv1350.amazingpos.model.CurrentSaleTest.testAddItemThrowsDatabaseFailureException(CurrentSaleTest.java:59)
Caused by: java.lang.RuntimeException: 
Uncompilable code - cannot access se.kth.iv1350.amazingpos.util.CurrentSaleNotifier
  class file for se.kth.iv1350.amazingpos.util.CurrentSaleNotifier not found
	at se.kth.iv1350.amazingpos.model.CurrentSaleTest.lambda$testAddItemThrowsDatabaseFailureException$2(CurrentSaleTest.java:1)
	at se.kth.iv1350.amazingpos.model.CurrentSaleTest.testAddItemThrowsDatabaseFailureException(CurrentSaleTest.java:59)
]]></failure>
  </testcase>
  <testcase name="testAddItemThrowsProductNotFoundException" classname="se.kth.iv1350.amazingpos.model.CurrentSaleTest" time="0.002">
    <failure message="Unexpected exception type thrown ==&gt; expected: &lt;se.kth.iv1350.amazingpos.model.exception.ProductNotFoundException&gt; but was: &lt;java.lang.RuntimeException&gt;" type="org.opentest4j.AssertionFailedError"><![CDATA[org.opentest4j.AssertionFailedError: Unexpected exception type thrown ==> expected: <se.kth.iv1350.amazingpos.model.exception.ProductNotFoundException> but was: <java.lang.RuntimeException>
	at se.kth.iv1350.amazingpos.model.CurrentSaleTest.testAddItemThrowsProductNotFoundException(CurrentSaleTest.java:34)
Caused by: java.lang.RuntimeException: 
Uncompilable code - cannot access se.kth.iv1350.amazingpos.util.CurrentSaleNotifier
  class file for se.kth.iv1350.amazingpos.util.CurrentSaleNotifier not found
	at se.kth.iv1350.amazingpos.model.CurrentSaleTest.lambda$testAddItemThrowsProductNotFoundException$0(CurrentSaleTest.java:1)
	at se.kth.iv1350.amazingpos.model.CurrentSaleTest.testAddItemThrowsProductNotFoundException(CurrentSaleTest.java:34)
]]></failure>
  </testcase>
  <testcase name="testAddItemThrowsOutOfStockException" classname="se.kth.iv1350.amazingpos.model.CurrentSaleTest" time="0.002">
    <failure message="Unexpected exception type thrown ==&gt; expected: &lt;se.kth.iv1350.amazingpos.model.exception.OutOfStockException&gt; but was: &lt;java.lang.RuntimeException&gt;" type="org.opentest4j.AssertionFailedError"><![CDATA[org.opentest4j.AssertionFailedError: Unexpected exception type thrown ==> expected: <se.kth.iv1350.amazingpos.model.exception.OutOfStockException> but was: <java.lang.RuntimeException>
	at se.kth.iv1350.amazingpos.model.CurrentSaleTest.testAddItemThrowsOutOfStockException(CurrentSaleTest.java:47)
Caused by: java.lang.RuntimeException: 
Uncompilable code - cannot access se.kth.iv1350.amazingpos.util.CurrentSaleNotifier
  class file for se.kth.iv1350.amazingpos.util.CurrentSaleNotifier not found
	at se.kth.iv1350.amazingpos.model.CurrentSaleTest.lambda$testAddItemThrowsOutOfStockException$1(CurrentSaleTest.java:1)
	at se.kth.iv1350.amazingpos.model.CurrentSaleTest.testAddItemThrowsOutOfStockException(CurrentSaleTest.java:47)
]]></failure>
  </testcase>
</testsuite>